[debug] [2017-06-11T02:11:58.229Z] ----------------------------------------------------------------------
[debug] [2017-06-11T02:11:58.231Z] Command:      /Users/Looper/.nvm/versions/node/v6.9.1/bin/node /Users/Looper/.nvm/versions/node/v6.9.1/bin/firebase init
[debug] [2017-06-11T02:11:58.232Z] CLI Version:  3.9.1
[debug] [2017-06-11T02:11:58.232Z] Platform:     darwin
[debug] [2017-06-11T02:11:58.232Z] Node Version: v6.9.1
[debug] [2017-06-11T02:11:58.233Z] Time:         Sat Jun 10 2017 22:11:58 GMT-0400 (EDT)
[debug] [2017-06-11T02:11:58.233Z] ----------------------------------------------------------------------
[debug] 
[debug] [2017-06-11T02:11:58.243Z] > command requires scopes: ["email","openid","https://www.googleapis.com/auth/cloudplatformprojects.readonly","https://www.googleapis.com/auth/firebase"]
[debug] [2017-06-11T02:11:58.243Z] > authorizing via signed-in user
[info] 
     🔥🔥🔥🔥🔥🔥🔥🔥 🔥🔥🔥🔥 🔥🔥🔥🔥🔥🔥🔥🔥  🔥🔥🔥🔥🔥🔥🔥🔥 🔥🔥🔥🔥🔥🔥🔥🔥     🔥🔥🔥     🔥🔥🔥🔥🔥🔥  🔥🔥🔥🔥🔥🔥🔥🔥
     🔥🔥        🔥🔥  🔥🔥     🔥🔥 🔥🔥       🔥🔥     🔥🔥  🔥🔥   🔥🔥  🔥🔥       🔥🔥
     🔥🔥🔥🔥🔥🔥    🔥🔥  🔥🔥🔥🔥🔥🔥🔥🔥  🔥🔥🔥🔥🔥🔥   🔥🔥🔥🔥🔥🔥🔥🔥  🔥🔥🔥🔥🔥🔥🔥🔥🔥  🔥🔥🔥🔥🔥🔥  🔥🔥🔥🔥🔥🔥
     🔥🔥        🔥🔥  🔥🔥    🔥🔥  🔥🔥       🔥🔥     🔥🔥 🔥🔥     🔥🔥       🔥🔥 🔥🔥
     🔥🔥       🔥🔥🔥🔥 🔥🔥     🔥🔥 🔥🔥🔥🔥🔥🔥🔥🔥 🔥🔥🔥🔥🔥🔥🔥🔥  🔥🔥     🔥🔥  🔥🔥🔥🔥🔥🔥  🔥🔥🔥🔥🔥🔥🔥🔥

You're about to initialize a Firebase project in this directory:

  /Users/Looper/dev-expert-hub

Before we get started, keep in mind:

  * You are initializing in an existing Firebase project directory

[info] 
=== Project Setup
[info] 
[info] First, let's associate this project directory with a Firebase project.
[info] You can create multiple project aliases by running firebase use --add, 
[info] but for now we'll just set up a default project.
[info] 
[debug] [2017-06-11T02:12:06.892Z] >>> HTTP REQUEST GET https://admin.firebase.com/v1/projects  
 Sat Jun 10 2017 22:12:06 GMT-0400 (EDT)
[debug] [2017-06-11T02:12:07.439Z] <<< HTTP RESPONSE 200
[info] i  .firebaserc already has a default project, skipping
[info] 
=== Database Setup
[info] 
[info] Firebase Realtime Database Rules allow you to define how your data should be
[info] structured and when your data can be read from and written to.
[info] 
